--------------------------------------
Running PBS prologue script
--------------------------------------
User and Job Data:
--------------------------------------
Job ID:    704400.qb3
Username:  lrc035
Group:     latechusers
Date:      08-Oct-2019 19:52
Node:      qb051 (64316)
--------------------------------------
PBS has allocated the following nodes:

qb051

A total of 20 processors on 1 nodes allocated
---------------------------------------------
Check nodes and clean them of stray processes
---------------------------------------------
Checking node qb051 19:52:08 
Done clearing all the allocated nodes
------------------------------------------------------
Concluding PBS prologue script - 08-Oct-2019 19:52:08
------------------------------------------------------
MPI run with 4 processes
Message at process # 0: Hello, lrc035 from #0
Message at process # 1: Hello, lrc035 from #0
Message at process # 2: Hello, lrc035 from #0
Message at process # 3: Hello, lrc035 from #0
Time elapsed is 0.000142 seconds.
MPI run with 8 processes
Message at process # 0: Hello, lrc035 from #0
Message at process # 1: Hello, lrc035 from #0
Message at process # 2: Hello, lrc035 from #0
Message at process # 3: Hello, lrc035 from #0
Message at process # 4: Hello, lrc035 from #0
Message at process # 5: Hello, lrc035 from #0
Message at process # 6: Hello, lrc035 from #0
Message at process # 7: Hello, lrc035 from #0
Time elapsed is 0.000186 seconds.
------------------------------------------------------
Running PBS epilogue script    - 08-Oct-2019 19:52:09
------------------------------------------------------
Checking node qb051 (MS)
Checking node qb051 ok
------------------------------------------------------
Concluding PBS epilogue script - 08-Oct-2019 19:52:11
------------------------------------------------------
Exit Status:     0
Job ID:          704400.qb3
Username:        lrc035
Group:           latechusers
Job Name:        lab2_4
Session Id:      64315
Resource Limits: ncpus=1,neednodes=1:ppn=20,nodes=1:ppn=20,walltime=01:00:00
Resources Used:  cput=00:00:03,mem=0kb,vmem=0kb,walltime=00:00:03
Queue Used:      workq
Account String:  loni_cyen405
Node:            qb051
Process id:      64950
------------------------------------------------------
