--------------------------------------
Running PBS prologue script
--------------------------------------
User and Job Data:
--------------------------------------
Job ID:    704395.qb3
Username:  lrc035
Group:     latechusers
Date:      08-Oct-2019 19:36
Node:      qb053 (71387)
--------------------------------------
PBS has allocated the following nodes:

qb053

A total of 20 processors on 1 nodes allocated
---------------------------------------------
Check nodes and clean them of stray processes
---------------------------------------------
Checking node qb053 19:36:28 
Done clearing all the allocated nodes
------------------------------------------------------
Concluding PBS prologue script - 08-Oct-2019 19:36:28
------------------------------------------------------
The total sum  is 504997585.000000.
,Time elapsed is 0.020000 secs.
,------------------------------------------------------
Running PBS epilogue script    - 08-Oct-2019 19:36:28
------------------------------------------------------
Checking node qb053 (MS)
Checking node qb053 ok
------------------------------------------------------
Concluding PBS epilogue script - 08-Oct-2019 19:36:30
------------------------------------------------------
Exit Status:     0
Job ID:          704395.qb3
Username:        lrc035
Group:           latechusers
Job Name:        lab2_1
Session Id:      71386
Resource Limits: ncpus=1,neednodes=1:ppn=20,nodes=1:ppn=20,walltime=01:00:00
Resources Used:  cput=00:00:00,mem=0kb,vmem=0kb,walltime=00:00:02
Queue Used:      workq
Account String:  loni_cyen405
Node:            qb053
Process id:      71994
------------------------------------------------------
